
9월 16, 2021 09:41:50.164 NEW SESSION
9월 16, 2021 09:41:50.164 [9960:9884:0916/094150.162:ERROR:device_event_log_impl.cc(214)] [09:41:50.162] USB: usb_device_handle_win.cc:1048 Failed to read descriptor from node connection: 시스템에 부착된 장치가 작동하지 않습니다. (0x1F)
9월 16, 2021 09:41:50.164 [9960:9884:0916/094150.164:ERROR:device_event_log_impl.cc(214)] [09:41:50.163] USB: usb_device_handle_win.cc:1048 Failed to read descriptor from node connection: 시스템에 부착된 장치가 작동하지 않습니다. (0x1F)
9월 16, 2021 09:41:53.494 [9960:9884:0916/094153.494:ERROR:device_event_log_impl.cc(214)] [09:41:53.494] USB: usb_service_win.cc:258 Failed to get device driver name: 요소가 없습니다. (0x490)
9월 16, 2021 11:30:25.948 [1520:13432:0916/113025.946:ERROR:device_event_log_impl.cc(214)] [11:30:25.946] USB: usb_device_handle_win.cc:1048 Failed to read descriptor from node connection: 시스템에 부착된 장치가 작동하지 않습니다. (0x1F)
9월 16, 2021 11:30:25.948 [1520:13432:0916/113025.947:ERROR:device_event_log_impl.cc(214)] [11:30:25.947] USB: usb_device_handle_win.cc:1048 Failed to read descriptor from node connection: 시스템에 부착된 장치가 작동하지 않습니다. (0x1F)
9월 16, 2021 11:30:25.948 [1520:13432:0916/113025.947:ERROR:device_event_log_impl.cc(214)] [11:30:25.948] USB: usb_device_handle_win.cc:1048 Failed to read descriptor from node connection: 시스템에 부착된 장치가 작동하지 않습니다. (0x1F)
9월 16, 2021 11:40:05.781 [1520:13432:0916/114005.780:ERROR:device_event_log_impl.cc(214)] [11:40:05.780] USB: usb_service_win.cc:258 Failed to get device driver name: 요소가 없습니다. (0x490)
9월 16, 2021 12:04:10.676 [8264:16032:0916/120410.676:ERROR:device_event_log_impl.cc(214)] [12:04:10.676] USB: usb_device_handle_win.cc:1048 Failed to read descriptor from node connection: 시스템에 부착된 장치가 작동하지 않습니다. (0x1F)
9월 16, 2021 12:04:10.677 [8264:16032:0916/120410.677:ERROR:device_event_log_impl.cc(214)] [12:04:10.677] USB: usb_device_handle_win.cc:1048 Failed to read descriptor from node connection: 시스템에 부착된 장치가 작동하지 않습니다. (0x1F)
9월 16, 2021 12:04:10.677 [8264:16032:0916/120410.677:ERROR:device_event_log_impl.cc(214)] [12:04:10.677] USB: usb_device_handle_win.cc:1048 Failed to read descriptor from node connection: 시스템에 부착된 장치가 작동하지 않습니다. (0x1F)
9월 16, 2021 12:08:05.608 [7260:3256:0916/120805.608:ERROR:device_event_log_impl.cc(214)] [12:08:05.608] USB: usb_device_handle_win.cc:1048 Failed to read descriptor from node connection: 시스템에 부착된 장치가 작동하지 않습니다. (0x1F)
9월 16, 2021 12:08:05.609 [7260:3256:0916/120805.609:ERROR:device_event_log_impl.cc(214)] [12:08:05.609] USB: usb_device_handle_win.cc:1048 Failed to read descriptor from node connection: 시스템에 부착된 장치가 작동하지 않습니다. (0x1F)
9월 16, 2021 12:09:47.559 [12076:15352:0916/120947.559:ERROR:device_event_log_impl.cc(214)] [12:09:47.559] USB: usb_device_handle_win.cc:1048 Failed to read descriptor from node connection: 시스템에 부착된 장치가 작동하지 않습니다. (0x1F)
9월 16, 2021 12:09:47.562 [12076:15352:0916/120947.561:ERROR:device_event_log_impl.cc(214)] [12:09:47.562] USB: usb_device_handle_win.cc:1048 Failed to read descriptor from node connection: 시스템에 부착된 장치가 작동하지 않습니다. (0x1F)
9월 16, 2021 12:15:39.383 [15372:6296:0916/121539.383:ERROR:device_event_log_impl.cc(214)] [12:15:39.383] USB: usb_device_handle_win.cc:1048 Failed to read descriptor from node connection: 시스템에 부착된 장치가 작동하지 않습니다. (0x1F)
9월 16, 2021 12:15:39.385 [15372:6296:0916/121539.385:ERROR:device_event_log_impl.cc(214)] [12:15:39.384] USB: usb_device_handle_win.cc:1048 Failed to read descriptor from node connection: 시스템에 부착된 장치가 작동하지 않습니다. (0x1F)
9월 16, 2021 12:27:34.703 [9028:15612:0916/122734.702:ERROR:device_event_log_impl.cc(214)] [12:27:34.703] USB: usb_device_handle_win.cc:1048 Failed to read descriptor from node connection: 시스템에 부착된 장치가 작동하지 않습니다. (0x1F)
9월 16, 2021 12:27:34.704 [9028:15612:0916/122734.704:ERROR:device_event_log_impl.cc(214)] [12:27:34.704] USB: usb_device_handle_win.cc:1048 Failed to read descriptor from node connection: 시스템에 부착된 장치가 작동하지 않습니다. (0x1F)
9월 16, 2021 12:27:48.467 [9028:9420:0916/122748.467:ERROR:database.cc(1674)] Passwords SQLite error: code 2067 errno 0: UNIQUE constraint failed: logins.origin_url, logins.username_element, logins.username_value, logins.password_element, logins.signon_realm sql: INSERT INTO logins (origin_url, action_url, username_element, username_value, password_element, password_value, submit_element, signon_realm, date_created, blacklisted_by_user, scheme, password_type, times_used, form_data, date_synced, display_name, icon_url, federation_url, skip_zero_click, generation_upload_status, possible_username_pairs, id, date_last_used, moving_blocked_for) VALUES (?,?,?,?,?,?,?,?,?,?,?,?,?,?,?,?,?,?,?,?,?,?,?,?)
9월 16, 2021 13:03:32.846 [10176:8008:0916/130332.845:ERROR:device_event_log_impl.cc(214)] [13:03:32.845] USB: usb_device_handle_win.cc:1048 Failed to read descriptor from node connection: 시스템에 부착된 장치가 작동하지 않습니다. (0x1F)
9월 16, 2021 13:03:32.846 [10176:8008:0916/130332.846:ERROR:device_event_log_impl.cc(214)] [13:03:32.846] USB: usb_device_handle_win.cc:1048 Failed to read descriptor from node connection: 시스템에 부착된 장치가 작동하지 않습니다. (0x1F)
9월 16, 2021 14:16:16.910 [10176:8008:0916/141616.909:ERROR:device_event_log_impl.cc(214)] [14:16:16.910] USB: usb_service_win.cc:258 Failed to get device driver name: 요소가 없습니다. (0x490)
9월 16, 2021 14:58:24.587 [10176:12264:0916/145824.587:ERROR:database.cc(1674)] Passwords SQLite error: code 2067 errno 0: UNIQUE constraint failed: logins.origin_url, logins.username_element, logins.username_value, logins.password_element, logins.signon_realm sql: INSERT INTO logins (origin_url, action_url, username_element, username_value, password_element, password_value, submit_element, signon_realm, date_created, blacklisted_by_user, scheme, password_type, times_used, form_data, date_synced, display_name, icon_url, federation_url, skip_zero_click, generation_upload_status, possible_username_pairs, id, date_last_used, moving_blocked_for) VALUES (?,?,?,?,?,?,?,?,?,?,?,?,?,?,?,?,?,?,?,?,?,?,?,?)

9월 23, 2021 09:37:34.247 NEW SESSION
9월 23, 2021 09:37:34.247 [6076:14820:0923/093734.245:ERROR:device_event_log_impl.cc(214)] [09:37:34.245] USB: usb_device_handle_win.cc:1048 Failed to read descriptor from node connection: 시스템에 부착된 장치가 작동하지 않습니다. (0x1F)
9월 23, 2021 09:37:34.247 [6076:14820:0923/093734.245:ERROR:device_event_log_impl.cc(214)] [09:37:34.246] USB: usb_device_handle_win.cc:1048 Failed to read descriptor from node connection: 시스템에 부착된 장치가 작동하지 않습니다. (0x1F)
9월 23, 2021 11:26:07.663 [6076:14820:0923/112607.662:ERROR:device_event_log_impl.cc(214)] [11:26:07.662] USB: usb_service_win.cc:258 Failed to get device driver name: 요소가 없습니다. (0x490)
9월 23, 2021 13:12:08.371 [6076:3080:0923/131208.371:ERROR:connection_factory_impl.cc(429)] Failed to connect to MCS endpoint with error -103
9월 23, 2021 14:20:58.381 [6076:3080:0923/142058.381:ERROR:connection_factory_impl.cc(429)] Failed to connect to MCS endpoint with error -103
9월 23, 2021 16:42:20.38 [6076:3080:0923/164220.037:ERROR:connection_factory_impl.cc(429)] Failed to connect to MCS endpoint with error -103
9월 23, 2021 18:48:33.554 [6076:3080:0923/184833.554:ERROR:connection_factory_impl.cc(429)] Failed to connect to MCS endpoint with error -105

9월 25, 2021 13:27:18.885 NEW SESSION
9월 25, 2021 13:27:18.885 [13992:704:0925/132718.884:ERROR:device_event_log_impl.cc(214)] [13:27:18.883] USB: usb_device_handle_win.cc:1048 Failed to read descriptor from node connection: 시스템에 부착된 장치가 작동하지 않습니다. (0x1F)
9월 25, 2021 13:27:18.886 [13992:704:0925/132718.885:ERROR:device_event_log_impl.cc(214)] [13:27:18.884] USB: usb_device_handle_win.cc:1048 Failed to read descriptor from node connection: 시스템에 부착된 장치가 작동하지 않습니다. (0x1F)

9월 26, 2021 20:18:49.445 NEW SESSION
9월 26, 2021 20:18:49.445 [19432:5620:0926/201849.443:ERROR:device_event_log_impl.cc(214)] [20:18:49.443] USB: usb_device_handle_win.cc:1048 Failed to read descriptor from node connection: 시스템에 부착된 장치가 작동하지 않습니다. (0x1F)
9월 26, 2021 20:18:49.446 [19432:5620:0926/201849.444:ERROR:device_event_log_impl.cc(214)] [20:18:49.444] USB: usb_device_handle_win.cc:1048 Failed to read descriptor from node connection: 시스템에 부착된 장치가 작동하지 않습니다. (0x1F)
9월 26, 2021 20:18:49.446 [19432:5620:0926/201849.444:ERROR:device_event_log_impl.cc(214)] [20:18:49.445] USB: usb_device_handle_win.cc:1048 Failed to read descriptor from node connection: 시스템에 부착된 장치가 작동하지 않습니다. (0x1F)
9월 26, 2021 20:34:44.952 [6668:7928:0926/203444.952:ERROR:device_event_log_impl.cc(214)] [20:34:44.952] USB: usb_device_handle_win.cc:1048 Failed to read descriptor from node connection: 시스템에 부착된 장치가 작동하지 않습니다. (0x1F)
9월 26, 2021 20:34:44.953 [6668:7928:0926/203444.952:ERROR:device_event_log_impl.cc(214)] [20:34:44.952] USB: usb_device_handle_win.cc:1048 Failed to read descriptor from node connection: 시스템에 부착된 장치가 작동하지 않습니다. (0x1F)
9월 26, 2021 22:05:47.45 [13268:19176:0926/220547.045:ERROR:device_event_log_impl.cc(214)] [22:05:47.045] USB: usb_device_handle_win.cc:1048 Failed to read descriptor from node connection: 시스템에 부착된 장치가 작동하지 않습니다. (0x1F)
9월 26, 2021 22:05:47.46 [13268:19176:0926/220547.046:ERROR:device_event_log_impl.cc(214)] [22:05:47.046] USB: usb_device_handle_win.cc:1048 Failed to read descriptor from node connection: 시스템에 부착된 장치가 작동하지 않습니다. (0x1F)

9월 27, 2021 16:53:46.901 NEW SESSION
9월 27, 2021 16:53:46.902 [7760:2864:0927/165346.898:ERROR:device_event_log_impl.cc(214)] [16:53:46.898] USB: usb_device_handle_win.cc:1048 Failed to read descriptor from node connection: 시스템에 부착된 장치가 작동하지 않습니다. (0x1F)
9월 27, 2021 17:37:10.449 [5516:8120:0927/173710.448:ERROR:device_event_log_impl.cc(214)] [17:37:10.448] USB: usb_device_handle_win.cc:1048 Failed to read descriptor from node connection: 시스템에 부착된 장치가 작동하지 않습니다. (0x1F)
9월 27, 2021 17:37:10.449 [5516:8120:0927/173710.448:ERROR:device_event_log_impl.cc(214)] [17:37:10.448] USB: usb_device_handle_win.cc:1048 Failed to read descriptor from node connection: 시스템에 부착된 장치가 작동하지 않습니다. (0x1F)
9월 27, 2021 17:37:10.450 [5516:8120:0927/173710.449:ERROR:device_event_log_impl.cc(214)] [17:37:10.449] USB: usb_device_handle_win.cc:1048 Failed to read descriptor from node connection: 시스템에 부착된 장치가 작동하지 않습니다. (0x1F)
9월 27, 2021 17:59:45.426 [5516:8120:0927/175945.425:ERROR:device_event_log_impl.cc(214)] [17:59:45.425] USB: usb_service_win.cc:258 Failed to get device driver name: 요소가 없습니다. (0x490)

9월 27, 2021 19:46:18.337 NEW SESSION
9월 27, 2021 19:46:18.337 [17548:16028:0927/194618.335:ERROR:device_event_log_impl.cc(214)] [19:46:18.335] USB: usb_device_handle_win.cc:1048 Failed to read descriptor from node connection: 시스템에 부착된 장치가 작동하지 않습니다. (0x1F)
9월 27, 2021 19:46:18.337 [17548:16028:0927/194618.335:ERROR:device_event_log_impl.cc(214)] [19:46:18.336] USB: usb_device_handle_win.cc:1048 Failed to read descriptor from node connection: 시스템에 부착된 장치가 작동하지 않습니다. (0x1F)
9월 27, 2021 19:46:18.338 [17548:16028:0927/194618.336:ERROR:device_event_log_impl.cc(214)] [19:46:18.336] USB: usb_device_handle_win.cc:1048 Failed to read descriptor from node connection: 시스템에 부착된 장치가 작동하지 않습니다. (0x1F)
9월 27, 2021 20:49:36.826 [17548:16028:0927/204936.825:ERROR:extension_message_filter.cc(110)] EMF_INVALID_EXTENSION_ID_FOR_CONTENT_SCRIPT
9월 27, 2021 20:49:46.722 [17548:9132:0927/204946.721:ERROR:database.cc(1674)] Passwords SQLite error: code 2067 errno 0: UNIQUE constraint failed: logins.origin_url, logins.username_element, logins.username_value, logins.password_element, logins.signon_realm sql: INSERT INTO logins (origin_url, action_url, username_element, username_value, password_element, password_value, submit_element, signon_realm, date_created, blacklisted_by_user, scheme, password_type, times_used, form_data, date_synced, display_name, icon_url, federation_url, skip_zero_click, generation_upload_status, possible_username_pairs, id, date_last_used, moving_blocked_for) VALUES (?,?,?,?,?,?,?,?,?,?,?,?,?,?,?,?,?,?,?,?,?,?,?,?)
9월 27, 2021 21:24:51.618 [18896:12568:0927/212451.617:ERROR:device_event_log_impl.cc(214)] [21:24:51.617] USB: usb_device_handle_win.cc:1048 Failed to read descriptor from node connection: 시스템에 부착된 장치가 작동하지 않습니다. (0x1F)
9월 27, 2021 21:24:51.619 [18896:12568:0927/212451.619:ERROR:device_event_log_impl.cc(214)] [21:24:51.618] USB: usb_device_handle_win.cc:1048 Failed to read descriptor from node connection: 시스템에 부착된 장치가 작동하지 않습니다. (0x1F)
9월 27, 2021 23:36:43.636 [14900:13660:0927/233643.635:ERROR:device_event_log_impl.cc(214)] [23:36:43.636] USB: usb_device_handle_win.cc:1048 Failed to read descriptor from node connection: 시스템에 부착된 장치가 작동하지 않습니다. (0x1F)
9월 27, 2021 23:36:43.636 [14900:13660:0927/233643.636:ERROR:device_event_log_impl.cc(214)] [23:36:43.636] USB: usb_device_handle_win.cc:1048 Failed to read descriptor from node connection: 시스템에 부착된 장치가 작동하지 않습니다. (0x1F)
9월 27, 2021 23:37:19.839 [16952:16876:0927/233719.838:ERROR:device_event_log_impl.cc(214)] [23:37:19.838] USB: usb_device_handle_win.cc:1048 Failed to read descriptor from node connection: 시스템에 부착된 장치가 작동하지 않습니다. (0x1F)
9월 27, 2021 23:37:19.840 [16952:16876:0927/233719.840:ERROR:device_event_log_impl.cc(214)] [23:37:19.839] USB: usb_device_handle_win.cc:1048 Failed to read descriptor from node connection: 시스템에 부착된 장치가 작동하지 않습니다. (0x1F)

9월 28, 2021 15:55:09.831 NEW SESSION
9월 28, 2021 15:55:09.831 [11744:18140:0928/155509.823:ERROR:device_event_log_impl.cc(214)] [15:55:09.822] USB: usb_device_handle_win.cc:1048 Failed to read descriptor from node connection: 시스템에 부착된 장치가 작동하지 않습니다. (0x1F)
9월 28, 2021 15:55:09.832 [11744:18140:0928/155509.824:ERROR:device_event_log_impl.cc(214)] [15:55:09.823] USB: usb_device_handle_win.cc:1048 Failed to read descriptor from node connection: 시스템에 부착된 장치가 작동하지 않습니다. (0x1F)
9월 28, 2021 15:55:09.832 [11744:18140:0928/155509.824:ERROR:device_event_log_impl.cc(214)] [15:55:09.823] USB: usb_device_handle_win.cc:1048 Failed to read descriptor from node connection: 시스템에 부착된 장치가 작동하지 않습니다. (0x1F)

9월 28, 2021 16:08:29.167 NEW SESSION
9월 28, 2021 16:08:29.167 [1864:7336:0928/160829.165:ERROR:device_event_log_impl.cc(214)] [16:08:29.165] USB: usb_device_handle_win.cc:1048 Failed to read descriptor from node connection: 시스템에 부착된 장치가 작동하지 않습니다. (0x1F)
9월 28, 2021 16:08:29.168 [1864:7336:0928/160829.167:ERROR:device_event_log_impl.cc(214)] [16:08:29.167] USB: usb_device_handle_win.cc:1048 Failed to read descriptor from node connection: 시스템에 부착된 장치가 작동하지 않습니다. (0x1F)

10월 01, 2021 09:27:23.762 NEW SESSION
10월 01, 2021 09:27:23.762 [18572:19760:1001/092723.758:ERROR:chrome_browser_main_extra_parts_metrics.cc(228)] crbug.com/1216328: Checking Bluetooth availability started. Please report if there is no report that this ends.
10월 01, 2021 09:27:23.763 [18572:19760:1001/092723.758:ERROR:chrome_browser_main_extra_parts_metrics.cc(231)] crbug.com/1216328: Checking Bluetooth availability ended.
10월 01, 2021 09:27:23.763 [18572:19760:1001/092723.759:ERROR:chrome_browser_main_extra_parts_metrics.cc(234)] crbug.com/1216328: Checking default browser status started. Please report if there is no report that this ends.
10월 01, 2021 09:27:23.764 [18572:19760:1001/092723.761:ERROR:chrome_browser_main_extra_parts_metrics.cc(238)] crbug.com/1216328: Checking default browser status ended.
10월 01, 2021 09:27:23.764 [18572:12276:1001/092723.764:ERROR:device_event_log_impl.cc(214)] [09:27:23.764] USB: usb_device_handle_win.cc:1048 Failed to read descriptor from node connection: 시스템에 부착된 장치가 작동하지 않습니다. (0x1F)
10월 01, 2021 09:27:23.765 [18572:12276:1001/092723.765:ERROR:device_event_log_impl.cc(214)] [09:27:23.765] USB: usb_device_handle_win.cc:1048 Failed to read descriptor from node connection: 시스템에 부착된 장치가 작동하지 않습니다. (0x1F)
10월 01, 2021 11:27:16.57 [6168:18240:1001/112716.056:ERROR:chrome_browser_main_extra_parts_metrics.cc(228)] crbug.com/1216328: Checking Bluetooth availability started. Please report if there is no report that this ends.
10월 01, 2021 11:27:16.57 [6168:18240:1001/112716.056:ERROR:chrome_browser_main_extra_parts_metrics.cc(231)] crbug.com/1216328: Checking Bluetooth availability ended.
10월 01, 2021 11:27:16.58 [6168:18240:1001/112716.056:ERROR:chrome_browser_main_extra_parts_metrics.cc(234)] crbug.com/1216328: Checking default browser status started. Please report if there is no report that this ends.
10월 01, 2021 11:27:16.59 [6168:18240:1001/112716.058:ERROR:chrome_browser_main_extra_parts_metrics.cc(238)] crbug.com/1216328: Checking default browser status ended.
10월 01, 2021 11:27:16.60 [6168:5292:1001/112716.059:ERROR:device_event_log_impl.cc(214)] [11:27:16.059] USB: usb_device_handle_win.cc:1048 Failed to read descriptor from node connection: 시스템에 부착된 장치가 작동하지 않습니다. (0x1F)
10월 01, 2021 11:27:16.61 [6168:5292:1001/112716.061:ERROR:device_event_log_impl.cc(214)] [11:27:16.060] USB: usb_device_handle_win.cc:1048 Failed to read descriptor from node connection: 시스템에 부착된 장치가 작동하지 않습니다. (0x1F)

10월 01, 2021 19:19:55.124 NEW SESSION
10월 01, 2021 19:19:55.124 [11344:17772:1001/191955.120:ERROR:chrome_browser_main_extra_parts_metrics.cc(228)] crbug.com/1216328: Checking Bluetooth availability started. Please report if there is no report that this ends.
10월 01, 2021 19:19:55.124 [11344:17772:1001/191955.120:ERROR:chrome_browser_main_extra_parts_metrics.cc(231)] crbug.com/1216328: Checking Bluetooth availability ended.
10월 01, 2021 19:19:55.125 [11344:17772:1001/191955.120:ERROR:chrome_browser_main_extra_parts_metrics.cc(234)] crbug.com/1216328: Checking default browser status started. Please report if there is no report that this ends.
10월 01, 2021 19:19:55.125 [11344:17772:1001/191955.124:ERROR:chrome_browser_main_extra_parts_metrics.cc(238)] crbug.com/1216328: Checking default browser status ended.
10월 01, 2021 19:19:55.127 [11344:8624:1001/191955.126:ERROR:device_event_log_impl.cc(214)] [19:19:55.126] USB: usb_device_handle_win.cc:1048 Failed to read descriptor from node connection: 시스템에 부착된 장치가 작동하지 않습니다. (0x1F)
10월 01, 2021 19:19:55.127 [11344:8624:1001/191955.127:ERROR:device_event_log_impl.cc(214)] [19:19:55.127] USB: usb_device_handle_win.cc:1048 Failed to read descriptor from node connection: 시스템에 부착된 장치가 작동하지 않습니다. (0x1F)

10월 03, 2021 22:34:58.294 NEW SESSION
10월 03, 2021 22:34:58.294 [9840:11980:1003/223458.289:ERROR:chrome_browser_main_extra_parts_metrics.cc(228)] crbug.com/1216328: Checking Bluetooth availability started. Please report if there is no report that this ends.
10월 03, 2021 22:34:58.295 [9840:11980:1003/223458.289:ERROR:chrome_browser_main_extra_parts_metrics.cc(231)] crbug.com/1216328: Checking Bluetooth availability ended.
10월 03, 2021 22:34:58.296 [9840:11980:1003/223458.289:ERROR:chrome_browser_main_extra_parts_metrics.cc(234)] crbug.com/1216328: Checking default browser status started. Please report if there is no report that this ends.
10월 03, 2021 22:34:58.296 [9840:11980:1003/223458.291:ERROR:chrome_browser_main_extra_parts_metrics.cc(238)] crbug.com/1216328: Checking default browser status ended.
10월 03, 2021 22:34:58.297 [9840:2764:1003/223458.292:ERROR:device_event_log_impl.cc(214)] [22:34:58.292] USB: usb_device_handle_win.cc:1048 Failed to read descriptor from node connection: 시스템에 부착된 장치가 작동하지 않습니다. (0x1F)
10월 03, 2021 22:34:58.297 [9840:2764:1003/223458.293:ERROR:device_event_log_impl.cc(214)] [22:34:58.294] USB: usb_device_handle_win.cc:1048 Failed to read descriptor from node connection: 시스템에 부착된 장치가 작동하지 않습니다. (0x1F)

10월 07, 2021 21:46:15.398 NEW SESSION
10월 07, 2021 21:46:15.399 [8772:14856:1007/214615.396:ERROR:chrome_browser_main_extra_parts_metrics.cc(228)] crbug.com/1216328: Checking Bluetooth availability started. Please report if there is no report that this ends.
10월 07, 2021 21:46:15.399 [8772:14856:1007/214615.396:ERROR:chrome_browser_main_extra_parts_metrics.cc(231)] crbug.com/1216328: Checking Bluetooth availability ended.
10월 07, 2021 21:46:15.400 [8772:14856:1007/214615.396:ERROR:chrome_browser_main_extra_parts_metrics.cc(234)] crbug.com/1216328: Checking default browser status started. Please report if there is no report that this ends.
10월 07, 2021 21:46:15.400 [8772:14856:1007/214615.398:ERROR:chrome_browser_main_extra_parts_metrics.cc(238)] crbug.com/1216328: Checking default browser status ended.
10월 07, 2021 21:46:15.402 [8772:14188:1007/214615.402:ERROR:device_event_log_impl.cc(214)] [21:46:15.401] USB: usb_device_handle_win.cc:1048 Failed to read descriptor from node connection: 시스템에 부착된 장치가 작동하지 않습니다. (0x1F)
10월 07, 2021 21:46:15.403 [8772:14188:1007/214615.403:ERROR:device_event_log_impl.cc(214)] [21:46:15.402] USB: usb_device_handle_win.cc:1048 Failed to read descriptor from node connection: 시스템에 부착된 장치가 작동하지 않습니다. (0x1F)

10월 17, 2021 14:16:25.820 NEW SESSION
10월 17, 2021 14:16:25.820 [14740:15888:1017/141625.818:ERROR:chrome_browser_main_extra_parts_metrics.cc(228)] crbug.com/1216328: Checking Bluetooth availability started. Please report if there is no report that this ends.
10월 17, 2021 14:16:25.820 [14740:15888:1017/141625.818:ERROR:chrome_browser_main_extra_parts_metrics.cc(231)] crbug.com/1216328: Checking Bluetooth availability ended.
10월 17, 2021 14:16:25.821 [14740:15888:1017/141625.818:ERROR:chrome_browser_main_extra_parts_metrics.cc(234)] crbug.com/1216328: Checking default browser status started. Please report if there is no report that this ends.
10월 17, 2021 14:16:25.821 [14740:15888:1017/141625.820:ERROR:chrome_browser_main_extra_parts_metrics.cc(238)] crbug.com/1216328: Checking default browser status ended.
10월 17, 2021 14:16:25.822 [14740:13432:1017/141625.822:ERROR:device_event_log_impl.cc(214)] [14:16:25.822] USB: usb_device_handle_win.cc:1048 Failed to read descriptor from node connection: 시스템에 부착된 장치가 작동하지 않습니다. (0x1F)
10월 17, 2021 14:16:25.823 [14740:13432:1017/141625.823:ERROR:device_event_log_impl.cc(214)] [14:16:25.823] USB: usb_device_handle_win.cc:1048 Failed to read descriptor from node connection: 시스템에 부착된 장치가 작동하지 않습니다. (0x1F)
10월 17, 2021 14:16:25.824 [14740:13432:1017/141625.823:ERROR:device_event_log_impl.cc(214)] [14:16:25.823] USB: usb_device_handle_win.cc:1048 Failed to read descriptor from node connection: 시스템에 부착된 장치가 작동하지 않습니다. (0x1F)
